{"C:\\Users\\hatel\\Desktop\\calculator\\src\\js\\declinationNumber.js": {"path":"C:\\Users\\hatel\\Desktop\\calculator\\src\\js\\declinationNumber.js","statementMap":{"0":{"start":{"line":2,"column":22},"end":{"line":2,"column":51}},"1":{"start":{"line":3,"column":20},"end":{"line":3,"column":44}},"2":{"start":{"line":4,"column":19},"end":{"line":4,"column":42}},"3":{"start":{"line":6,"column":20},"end":{"line":6,"column":42}},"4":{"start":{"line":7,"column":21},"end":{"line":7,"column":35}},"5":{"start":{"line":9,"column":2},"end":{"line":60,"column":3}},"6":{"start":{"line":12,"column":6},"end":{"line":16,"column":7}},"7":{"start":{"line":15,"column":8},"end":{"line":15,"column":45}},"8":{"start":{"line":18,"column":6},"end":{"line":20,"column":7}},"9":{"start":{"line":19,"column":8},"end":{"line":19,"column":45}},"10":{"start":{"line":22,"column":6},"end":{"line":24,"column":7}},"11":{"start":{"line":23,"column":8},"end":{"line":23,"column":45}},"12":{"start":{"line":26,"column":6},"end":{"line":26,"column":12}},"13":{"start":{"line":28,"column":6},"end":{"line":32,"column":7}},"14":{"start":{"line":31,"column":8},"end":{"line":31,"column":43}},"15":{"start":{"line":34,"column":6},"end":{"line":36,"column":7}},"16":{"start":{"line":35,"column":8},"end":{"line":35,"column":43}},"17":{"start":{"line":38,"column":6},"end":{"line":40,"column":7}},"18":{"start":{"line":39,"column":8},"end":{"line":39,"column":43}},"19":{"start":{"line":42,"column":6},"end":{"line":42,"column":12}},"20":{"start":{"line":44,"column":6},"end":{"line":47,"column":7}},"21":{"start":{"line":46,"column":8},"end":{"line":46,"column":42}},"22":{"start":{"line":49,"column":6},"end":{"line":51,"column":7}},"23":{"start":{"line":50,"column":8},"end":{"line":50,"column":42}},"24":{"start":{"line":53,"column":6},"end":{"line":55,"column":7}},"25":{"start":{"line":54,"column":8},"end":{"line":54,"column":42}},"26":{"start":{"line":57,"column":6},"end":{"line":57,"column":12}},"27":{"start":{"line":59,"column":6},"end":{"line":59,"column":20}}},"fnMap":{"0":{"name":"declinationNumber","decl":{"start":{"line":1,"column":24},"end":{"line":1,"column":41}},"loc":{"start":{"line":1,"column":57},"end":{"line":61,"column":1}},"line":1}},"branchMap":{"0":{"loc":{"start":{"line":9,"column":2},"end":{"line":60,"column":3}},"type":"switch","locations":[{"start":{"line":10,"column":4},"end":{"line":26,"column":12}},{"start":{"line":27,"column":4},"end":{"line":42,"column":12}},{"start":{"line":43,"column":4},"end":{"line":57,"column":12}},{"start":{"line":58,"column":4},"end":{"line":59,"column":20}}],"line":9},"1":{"loc":{"start":{"line":12,"column":6},"end":{"line":16,"column":7}},"type":"if","locations":[{"start":{"line":12,"column":6},"end":{"line":16,"column":7}},{"start":{},"end":{}}],"line":12},"2":{"loc":{"start":{"line":12,"column":10},"end":{"line":14,"column":47}},"type":"binary-expr","locations":[{"start":{"line":12,"column":11},"end":{"line":12,"column":26}},{"start":{"line":12,"column":30},"end":{"line":12,"column":45}},{"start":{"line":13,"column":11},"end":{"line":13,"column":27}},{"start":{"line":14,"column":12},"end":{"line":14,"column":27}},{"start":{"line":14,"column":31},"end":{"line":14,"column":46}}],"line":12},"3":{"loc":{"start":{"line":18,"column":6},"end":{"line":20,"column":7}},"type":"if","locations":[{"start":{"line":18,"column":6},"end":{"line":20,"column":7}},{"start":{},"end":{}}],"line":18},"4":{"loc":{"start":{"line":22,"column":6},"end":{"line":24,"column":7}},"type":"if","locations":[{"start":{"line":22,"column":6},"end":{"line":24,"column":7}},{"start":{},"end":{}}],"line":22},"5":{"loc":{"start":{"line":22,"column":10},"end":{"line":22,"column":42}},"type":"binary-expr","locations":[{"start":{"line":22,"column":10},"end":{"line":22,"column":24}},{"start":{"line":22,"column":28},"end":{"line":22,"column":42}}],"line":22},"6":{"loc":{"start":{"line":28,"column":6},"end":{"line":32,"column":7}},"type":"if","locations":[{"start":{"line":28,"column":6},"end":{"line":32,"column":7}},{"start":{},"end":{}}],"line":28},"7":{"loc":{"start":{"line":28,"column":10},"end":{"line":30,"column":47}},"type":"binary-expr","locations":[{"start":{"line":28,"column":11},"end":{"line":28,"column":25}},{"start":{"line":28,"column":29},"end":{"line":28,"column":43}},{"start":{"line":29,"column":11},"end":{"line":29,"column":27}},{"start":{"line":30,"column":12},"end":{"line":30,"column":27}},{"start":{"line":30,"column":31},"end":{"line":30,"column":46}}],"line":28},"8":{"loc":{"start":{"line":34,"column":6},"end":{"line":36,"column":7}},"type":"if","locations":[{"start":{"line":34,"column":6},"end":{"line":36,"column":7}},{"start":{},"end":{}}],"line":34},"9":{"loc":{"start":{"line":38,"column":6},"end":{"line":40,"column":7}},"type":"if","locations":[{"start":{"line":38,"column":6},"end":{"line":40,"column":7}},{"start":{},"end":{}}],"line":38},"10":{"loc":{"start":{"line":38,"column":10},"end":{"line":38,"column":42}},"type":"binary-expr","locations":[{"start":{"line":38,"column":10},"end":{"line":38,"column":24}},{"start":{"line":38,"column":28},"end":{"line":38,"column":42}}],"line":38},"11":{"loc":{"start":{"line":44,"column":6},"end":{"line":47,"column":7}},"type":"if","locations":[{"start":{"line":44,"column":6},"end":{"line":47,"column":7}},{"start":{},"end":{}}],"line":44},"12":{"loc":{"start":{"line":44,"column":10},"end":{"line":45,"column":47}},"type":"binary-expr","locations":[{"start":{"line":44,"column":11},"end":{"line":44,"column":25}},{"start":{"line":44,"column":29},"end":{"line":44,"column":43}},{"start":{"line":44,"column":48},"end":{"line":44,"column":64}},{"start":{"line":45,"column":12},"end":{"line":45,"column":27}},{"start":{"line":45,"column":31},"end":{"line":45,"column":46}}],"line":44},"13":{"loc":{"start":{"line":49,"column":6},"end":{"line":51,"column":7}},"type":"if","locations":[{"start":{"line":49,"column":6},"end":{"line":51,"column":7}},{"start":{},"end":{}}],"line":49},"14":{"loc":{"start":{"line":53,"column":6},"end":{"line":55,"column":7}},"type":"if","locations":[{"start":{"line":53,"column":6},"end":{"line":55,"column":7}},{"start":{},"end":{}}],"line":53},"15":{"loc":{"start":{"line":53,"column":10},"end":{"line":53,"column":42}},"type":"binary-expr","locations":[{"start":{"line":53,"column":10},"end":{"line":53,"column":24}},{"start":{"line":53,"column":28},"end":{"line":53,"column":42}}],"line":53}},"s":{"0":15,"1":15,"2":15,"3":15,"4":15,"5":15,"6":5,"7":1,"8":4,"9":2,"10":2,"11":2,"12":0,"13":3,"14":1,"15":2,"16":1,"17":1,"18":1,"19":0,"20":3,"21":1,"22":2,"23":1,"24":1,"25":1,"26":0,"27":4},"f":{"0":15},"b":{"0":[5,3,3,4],"1":[1,4],"2":[5,1,5,5,1],"3":[2,2],"4":[2,0],"5":[2,2],"6":[1,2],"7":[3,1,3,3,1],"8":[1,1],"9":[1,0],"10":[1,1],"11":[1,2],"12":[3,2,3,3,1],"13":[1,1],"14":[1,0],"15":[1,1]},"_coverageSchema":"1a1c01bbd47fc00a2c39e90264f33305004495a9","hash":"b8a38c833c3f6087883e7caacdbcc86d110e1e42"}
}
