TN:
SF:src\js\declinationNumber.js
FN:1,declinationNumber
FNF:1
FNH:1
FNDA:15,declinationNumber
DA:2,15
DA:3,15
DA:4,15
DA:6,15
DA:7,15
DA:9,15
DA:12,5
DA:15,1
DA:18,4
DA:19,2
DA:22,2
DA:23,2
DA:26,0
DA:28,3
DA:31,1
DA:34,2
DA:35,1
DA:38,1
DA:39,1
DA:42,0
DA:44,3
DA:46,1
DA:49,2
DA:50,1
DA:53,1
DA:54,1
DA:57,0
DA:59,4
LF:28
LH:25
BRDA:9,0,0,5
BRDA:9,0,1,3
BRDA:9,0,2,3
BRDA:9,0,3,4
BRDA:12,1,0,1
BRDA:12,1,1,4
BRDA:12,2,0,5
BRDA:12,2,1,1
BRDA:12,2,2,5
BRDA:12,2,3,5
BRDA:12,2,4,1
BRDA:18,3,0,2
BRDA:18,3,1,2
BRDA:22,4,0,2
BRDA:22,4,1,0
BRDA:22,5,0,2
BRDA:22,5,1,2
BRDA:28,6,0,1
BRDA:28,6,1,2
BRDA:28,7,0,3
BRDA:28,7,1,1
BRDA:28,7,2,3
BRDA:28,7,3,3
BRDA:28,7,4,1
BRDA:34,8,0,1
BRDA:34,8,1,1
BRDA:38,9,0,1
BRDA:38,9,1,0
BRDA:38,10,0,1
BRDA:38,10,1,1
BRDA:44,11,0,1
BRDA:44,11,1,2
BRDA:44,12,0,3
BRDA:44,12,1,2
BRDA:44,12,2,3
BRDA:44,12,3,3
BRDA:44,12,4,1
BRDA:49,13,0,1
BRDA:49,13,1,1
BRDA:53,14,0,1
BRDA:53,14,1,0
BRDA:53,15,0,1
BRDA:53,15,1,1
BRF:43
BRH:40
end_of_record
